{
  "RSpec": {
    "coverage": {
      "/home/rogerio.angeliski/workspace/codeclimate-rails-coverage-example/app/models/user.rb": {
        "lines": [
          1,
          1,
          1,
          null
        ]
      },
      "/home/rogerio.angeliski/workspace/codeclimate-rails-coverage-example/app/models/application_record.rb": {
        "lines": [
          1,
          1,
          null
        ]
      },
      "/home/rogerio.angeliski/workspace/codeclimate-rails-coverage-example/app/controllers/users_controller.rb": {
        "lines": [
          1,
          1,
          null,
          null,
          1,
          1,
          null,
          null,
          null,
          1,
          null,
          null,
          null,
          1,
          1,
          null,
          null,
          null,
          1,
          null,
          null,
          null,
          1,
          3,
          null,
          3,
          3,
          4,
          2,
          null,
          2,
          1,
          null,
          null,
          null,
          null,
          null,
          1,
          0,
          0,
          0,
          0,
          null,
          0,
          0,
          null,
          null,
          null,
          null,
          null,
          1,
          2,
          2,
          4,
          2,
          null,
          null,
          null,
          1,
          null,
          1,
          4,
          null,
          null,
          null,
          1,
          3,
          null,
          null
        ]
      },
      "/home/rogerio.angeliski/workspace/codeclimate-rails-coverage-example/app/controllers/application_controller.rb": {
        "lines": [
          1,
          null
        ]
      },
      "/home/rogerio.angeliski/workspace/codeclimate-rails-coverage-example/app/channels/application_cable/channel.rb": {
        "lines": [
          0,
          0,
          0,
          0
        ],
        "branches": {
        }
      },
      "/home/rogerio.angeliski/workspace/codeclimate-rails-coverage-example/app/channels/application_cable/connection.rb": {
        "lines": [
          0,
          0,
          0,
          0
        ],
        "branches": {
        }
      },
      "/home/rogerio.angeliski/workspace/codeclimate-rails-coverage-example/app/helpers/application_helper.rb": {
        "lines": [
          0,
          0
        ],
        "branches": {
        }
      },
      "/home/rogerio.angeliski/workspace/codeclimate-rails-coverage-example/app/helpers/users_helper.rb": {
        "lines": [
          0,
          0
        ],
        "branches": {
        }
      },
      "/home/rogerio.angeliski/workspace/codeclimate-rails-coverage-example/app/jobs/application_job.rb": {
        "lines": [
          0,
          null,
          null,
          null,
          null,
          null,
          0
        ],
        "branches": {
        }
      },
      "/home/rogerio.angeliski/workspace/codeclimate-rails-coverage-example/app/mailers/application_mailer.rb": {
        "lines": [
          0,
          0,
          0,
          0
        ],
        "branches": {
        }
      }
    },
    "timestamp": 1631708898
  }
}
